<?xml version="1.0" encoding="UTF-8"?>
<testng-results ignored="0" total="3" passed="2" failed="1" skipped="0">
  <reporter-output>
  </reporter-output>
  <suite started-at="2024-09-06T08:17:54 IST" name="Suite" finished-at="2024-09-06T08:19:04 IST" duration-ms="69958">
    <groups>
      <group name="Master">
        <method signature="AccRegTest.newAccRegTest()[pri:0, instance:testCases.AccRegTest@4686afc2]" name="newAccRegTest" class="testCases.AccRegTest"/>
        <method signature="LoginTest.verifyLogin(java.lang.String,java.lang.String,java.lang.String)[pri:0, instance:testCases.LoginTest@25641d39]" name="verifyLogin" class="testCases.LoginTest"/>
      </group> <!-- Master -->
      <group name="Sanity">
        <method signature="AccRegTest.newAccRegTest()[pri:0, instance:testCases.AccRegTest@4686afc2]" name="newAccRegTest" class="testCases.AccRegTest"/>
      </group> <!-- Sanity -->
      <group name="DDT">
        <method signature="LoginTest.verifyLogin(java.lang.String,java.lang.String,java.lang.String)[pri:0, instance:testCases.LoginTest@25641d39]" name="verifyLogin" class="testCases.LoginTest"/>
      </group> <!-- DDT -->
      <group name="Regression">
        <method signature="AccRegTest.newAccRegTest()[pri:0, instance:testCases.AccRegTest@4686afc2]" name="newAccRegTest" class="testCases.AccRegTest"/>
        <method signature="LoginTest.verifyLogin(java.lang.String,java.lang.String,java.lang.String)[pri:0, instance:testCases.LoginTest@25641d39]" name="verifyLogin" class="testCases.LoginTest"/>
      </group> <!-- Regression -->
    </groups>
    <test started-at="2024-09-06T08:17:54 IST" name="Test" finished-at="2024-09-06T08:19:04 IST" duration-ms="69958">
      <class name="testCases.AccRegTest">
        <test-method is-config="true" signature="setup(java.lang.String,java.lang.String)[pri:0, instance:testCases.AccRegTest@4686afc2]" started-at="2024-09-06T08:18:44 IST" name="setup" finished-at="2024-09-06T08:18:51 IST" duration-ms="6492" status="PASS">
          <params>
            <param index="0">
              <value>
                <![CDATA[chrome]]>
              </value>
            </param>
            <param index="1">
              <value>
                <![CDATA[Windows]]>
              </value>
            </param>
          </params>
          <reporter-output>
          </reporter-output>
        </test-method> <!-- setup -->
        <test-method signature="newAccRegTest()[pri:0, instance:testCases.AccRegTest@4686afc2]" started-at="2024-09-06T08:18:51 IST" name="newAccRegTest" finished-at="2024-09-06T08:19:03 IST" duration-ms="12686" status="FAIL">
          <exception class="java.lang.AssertionError">
            <message>
              <![CDATA[expected:<Your Account Has Been Created!> but was:<Your Account Has Been Created!!>]]>
            </message>
            <full-stacktrace>
              <![CDATA[java.lang.AssertionError: expected:<Your Account Has Been Created!> but was:<Your Account Has Been Created!!>
at org.testng.AssertJUnit.assertEquals(AssertJUnit.java:115)
at org.testng.AssertJUnit.assertEquals(AssertJUnit.java:125)
at testCases.AccRegTest.newAccRegTest(AccRegTest.java:35)
at java.base/jdk.internal.reflect.DirectMethodHandleAccessor.invoke(DirectMethodHandleAccessor.java:103)
at java.base/java.lang.reflect.Method.invoke(Method.java:580)
at org.testng.internal.MethodInvocationHelper.invokeMethod(MethodInvocationHelper.java:133)
at org.testng.internal.TestInvoker.invokeMethod(TestInvoker.java:598)
at org.testng.internal.TestInvoker.invokeTestMethod(TestInvoker.java:173)
at org.testng.internal.MethodRunner.runInSequence(MethodRunner.java:46)
at org.testng.internal.TestInvoker$MethodInvocationAgent.invoke(TestInvoker.java:824)
at org.testng.internal.TestInvoker.invokeTestMethods(TestInvoker.java:146)
at org.testng.internal.TestMethodWorker.invokeTestMethods(TestMethodWorker.java:146)
at org.testng.internal.TestMethodWorker.run(TestMethodWorker.java:128)
at java.base/java.util.ArrayList.forEach(ArrayList.java:1597)
at org.testng.TestRunner.privateRun(TestRunner.java:794)
at org.testng.TestRunner.run(TestRunner.java:596)
at org.testng.SuiteRunner.runTest(SuiteRunner.java:377)
at org.testng.SuiteRunner.runSequentially(SuiteRunner.java:371)
at org.testng.SuiteRunner.privateRun(SuiteRunner.java:332)
at org.testng.SuiteRunner.run(SuiteRunner.java:276)
at org.testng.SuiteRunnerWorker.runSuite(SuiteRunnerWorker.java:53)
at org.testng.SuiteRunnerWorker.run(SuiteRunnerWorker.java:96)
at org.testng.TestNG.runSuitesSequentially(TestNG.java:1212)
at org.testng.TestNG.runSuitesLocally(TestNG.java:1134)
at org.testng.TestNG.runSuites(TestNG.java:1063)
at org.testng.TestNG.run(TestNG.java:1031)
at org.testng.remote.AbstractRemoteTestNG.run(AbstractRemoteTestNG.java:115)
at org.testng.remote.RemoteTestNG.initAndRun(RemoteTestNG.java:293)
at org.testng.remote.RemoteTestNG.main(RemoteTestNG.java:91)
]]>
            </full-stacktrace>
          </exception> <!-- java.lang.AssertionError -->
          <reporter-output>
          </reporter-output>
        </test-method> <!-- newAccRegTest -->
        <test-method is-config="true" signature="flush()[pri:0, instance:testCases.AccRegTest@4686afc2]" started-at="2024-09-06T08:19:04 IST" name="flush" finished-at="2024-09-06T08:19:04 IST" duration-ms="113" status="PASS">
          <reporter-output>
          </reporter-output>
        </test-method> <!-- flush -->
      </class> <!-- testCases.AccRegTest -->
      <class name="testCases.LoginTest">
        <test-method is-config="true" signature="setup(java.lang.String,java.lang.String)[pri:0, instance:testCases.LoginTest@25641d39]" started-at="2024-09-06T08:17:54 IST" name="setup" finished-at="2024-09-06T08:18:08 IST" duration-ms="13388" status="PASS">
          <params>
            <param index="0">
              <value>
                <![CDATA[chrome]]>
              </value>
            </param>
            <param index="1">
              <value>
                <![CDATA[Windows]]>
              </value>
            </param>
          </params>
          <reporter-output>
          </reporter-output>
        </test-method> <!-- setup -->
        <test-method signature="verifyLogin(java.lang.String,java.lang.String,java.lang.String)[pri:0, instance:testCases.LoginTest@25641d39]" started-at="2024-09-06T08:18:10 IST" name="verifyLogin" data-provider="logindp" finished-at="2024-09-06T08:18:20 IST" duration-ms="10037" status="PASS">
          <params>
            <param index="0">
              <value>
                <![CDATA[abcdefg1@gmail.com]]>
              </value>
            </param>
            <param index="1">
              <value>
                <![CDATA[qwerty123456]]>
              </value>
            </param>
            <param index="2">
              <value>
                <![CDATA[valid]]>
              </value>
            </param>
          </params>
          <reporter-output>
          </reporter-output>
        </test-method> <!-- verifyLogin -->
        <test-method signature="verifyLogin(java.lang.String,java.lang.String,java.lang.String)[pri:0, instance:testCases.LoginTest@25641d39]" started-at="2024-09-06T08:18:20 IST" name="verifyLogin" data-provider="logindp" finished-at="2024-09-06T08:18:44 IST" duration-ms="24271" status="PASS">
          <params>
            <param index="0">
              <value>
                <![CDATA[heello@gmail.com]]>
              </value>
            </param>
            <param index="1">
              <value>
                <![CDATA[wrngpass123]]>
              </value>
            </param>
            <param index="2">
              <value>
                <![CDATA[invalid]]>
              </value>
            </param>
          </params>
          <reporter-output>
          </reporter-output>
        </test-method> <!-- verifyLogin -->
        <test-method is-config="true" signature="flush()[pri:0, instance:testCases.LoginTest@25641d39]" started-at="2024-09-06T08:18:44 IST" name="flush" finished-at="2024-09-06T08:18:44 IST" duration-ms="169" status="PASS">
          <reporter-output>
          </reporter-output>
        </test-method> <!-- flush -->
      </class> <!-- testCases.LoginTest -->
    </test> <!-- Test -->
  </suite> <!-- Suite -->
</testng-results>
